#
# There is insufficient memory for the Java Runtime Environment to continue.
# Native memory allocation (malloc) failed to allocate 32744 bytes for ChunkPool::allocate
# Possible reasons:
#   The system is out of physical RAM or swap space
#   The process is running with CompressedOops enabled, and the Java Heap may be blocking the growth of the native heap
# Possible solutions:
#   Reduce memory load on the system
#   Increase physical memory or swap space
#   Check if swap backing store is full
#   Decrease Java heap size (-Xmx/-Xms)
#   Decrease number of Java threads
#   Decrease Java thread stack sizes (-Xss)
#   Set larger code cache with -XX:ReservedCodeCacheSize=
#   JVM is running with Unscaled Compressed Oops mode in which the Java heap is
#     placed in the first 4GB address space. The Java Heap base address is the
#     maximum limit for the native heap growth. Please use -XX:HeapBaseMinAddress
#     to set the Java Heap base and to place the Java Heap above 4GB virtual address.
# This output file may be truncated or incomplete.
#
#  Out of Memory Error (allocation.cpp:272), pid=18028, tid=0x0000000000002704
#
# JRE version: Java(TM) SE Runtime Environment (8.0_211-b12) (build 1.8.0_211-b12)
# Java VM: Java HotSpot(TM) 64-Bit Server VM (25.211-b12 mixed mode windows-amd64 compressed oops)
# Failed to write core dump. Minidumps are not enabled by default on client versions of Windows
#

---------------  T H R E A D  ---------------

Current thread (0x0000000003377000):  JavaThread "main" [_thread_in_vm, id=9988, stack(0x0000000003270000,0x0000000003370000)]

Stack: [0x0000000003270000,0x0000000003370000]
[error occurred during error reporting (printing stack bounds), id 0xc0000005]

Native frames: (J=compiled Java code, j=interpreted, Vv=VM code, C=native code)

Java frames: (J=compiled Java code, j=interpreted, Vv=VM code)
j  java.lang.Throwable.getStackTraceElement(I)Ljava/lang/StackTraceElement;+0
j  java.lang.Throwable.getOurStackTrace()[Ljava/lang/StackTraceElement;+51
j  java.lang.Throwable.printStackTrace(Ljava/lang/Throwable$PrintStreamOrWriter;)V+32
j  java.lang.Throwable.printStackTrace(Ljava/io/PrintStream;)V+9
j  java.lang.ThreadGroup.uncaughtException(Ljava/lang/Thread;Ljava/lang/Throwable;)V+82
j  java.lang.ThreadGroup.uncaughtException(Ljava/lang/Thread;Ljava/lang/Throwable;)V+13
j  java.lang.Thread.dispatchUncaughtException(Ljava/lang/Throwable;)V+6
v  ~StubRoutines::call_stub

---------------  P R O C E S S  ---------------

Java Threads: ( => current thread )
  0x000000001a39e800 JavaThread "Service Thread" daemon [_thread_blocked, id=18208, stack(0x000000001af40000,0x000000001b040000)]
  0x000000001a301000 JavaThread "C1 CompilerThread3" daemon [_thread_blocked, id=11760, stack(0x000000001ae40000,0x000000001af40000)]
  0x000000001a2f3800 JavaThread "C2 CompilerThread2" daemon [_thread_blocked, id=15556, stack(0x000000001ad40000,0x000000001ae40000)]
  0x000000001a2f1000 JavaThread "C2 CompilerThread1" daemon [_thread_blocked, id=18080, stack(0x000000001ac40000,0x000000001ad40000)]
  0x000000001a2ef800 JavaThread "C2 CompilerThread0" daemon [_thread_blocked, id=9028, stack(0x000000001ab40000,0x000000001ac40000)]
  0x000000001a2e6800 JavaThread "Monitor Ctrl-Break" daemon [_thread_in_native, id=18376, stack(0x000000001aa40000,0x000000001ab40000)]
  0x000000001848b000 JavaThread "Attach Listener" daemon [_thread_blocked, id=15580, stack(0x000000001a940000,0x000000001aa40000)]
  0x000000001a284000 JavaThread "Signal Dispatcher" daemon [_thread_blocked, id=16252, stack(0x000000001a840000,0x000000001a940000)]
  0x000000000346d000 JavaThread "Finalizer" daemon [_thread_blocked, id=17984, stack(0x000000001a740000,0x000000001a840000)]
  0x000000001a260800 JavaThread "Reference Handler" daemon [_thread_blocked, id=2556, stack(0x000000001a640000,0x000000001a740000)]
=>0x0000000003377000 JavaThread "main" [_thread_in_vm, id=9988, stack(0x0000000003270000,0x0000000003370000)]

Other Threads:
  0x0000000018479800 VMThread [stack: 0x000000001a140000,0x000000001a240000] [id=18308]
  0x000000001a3d4800 WatcherThread [stack: 0x000000001b040000,0x000000001b140000] [id=17320]

VM state:not at safepoint (normal execution)

VM Mutex/Monitor currently owned by a thread: None

OutOfMemory and StackOverflow Exception counts:
OutOfMemoryError java_heap_errors=4

heap address: 0x0000000082400000, size: 2012 MB, Compressed Oops mode: 32-bit
Narrow klass base: 0x0000000000000000, Narrow klass shift: 3
Compressed class space size: 1073741824 Address: 0x0000000100000000

Heap:
 PSYoungGen      total 37888K, used 3310K [0x00000000d6180000, 0x00000000d8b80000, 0x0000000100000000)
  eden space 32768K, 10% used [0x00000000d6180000,0x00000000d64bb9e0,0x00000000d8180000)
  from space 5120K, 0% used [0x00000000d8680000,0x00000000d8680000,0x00000000d8b80000)
  to   space 5120K, 0% used [0x00000000d8180000,0x00000000d8180000,0x00000000d8680000)
 ParOldGen       total 86016K, used 0K [0x0000000082400000, 0x0000000087800000, 0x00000000d6180000)
  object space 86016K, 0% used [0x0000000082400000,0x0000000082400000,0x0000000087800000)
 Metaspace       used 3276K, capacity 4564K, committed 4864K, reserved 1056768K
  class space    used 354K, capacity 388K, committed 512K, reserved 1048576K

Card table byte_map: [0x0000000012930000,0x0000000012d20000] byte_map_base: 0x000000001251e000

Marking Bits: (ParMarkBitMap*) 0x00000000778c5ce0
 Begin Bits: [0x00000000137c0000, 0x0000000015730000)
 End Bits:   [0x0000000015730000, 0x00000000176a0000)

Polling page: 0x00000000014e0000

CodeCache: size=245760Kb used=1216Kb max_used=1216Kb free=244543Kb
 bounds [0x0000000003570000, 0x00000000037e0000, 0x0000000012570000]
 total_blobs=329 nmethods=71 adapters=171
 compilation: enabled

Compilation events (10 events):
Event: 0.173 Thread 0x000000001a301000 nmethod 65 0x0000000003699250 code [0x00000000036993c0, 0x0000000003699610]
Event: 0.173 Thread 0x000000001a2ef800   68       4       sun.nio.cs.ext.DoubleByte$Encoder::encodeChar (21 bytes)
Event: 0.173 Thread 0x000000001a301000   66       1       java.lang.Object::<init> (1 bytes)
Event: 0.173 Thread 0x000000001a301000 nmethod 66 0x0000000003698f90 code [0x00000000036990e0, 0x00000000036991f0]
Event: 0.173 Thread 0x000000001a2f1000   69  s    4       java.lang.StringBuffer::append (13 bytes)
Event: 0.173 Thread 0x000000001a2ef800 nmethod 68 0x0000000003697750 code [0x00000000036978a0, 0x0000000003697998]
Event: 0.174 Thread 0x000000001a301000   70       3       java.io.WinNTFileSystem::prefixLength (91 bytes)
Event: 0.175 Thread 0x000000001a301000 nmethod 70 0x0000000003697d90 code [0x0000000003697f80, 0x0000000003698b08]
Event: 0.175 Thread 0x000000001a301000   71       3       java.io.WinNTFileSystem::normalize (231 bytes)
Event: 0.176 Thread 0x000000001a2f3800 nmethod 67% 0x0000000003697310 code [0x0000000003697460, 0x0000000003697658]

GC Heap History (0 events):
No events

Deoptimization events (0 events):
No events

Classes redefined (0 events):
No events

Internal exceptions (6 events):
Event: 0.034 Thread 0x0000000003377000 Exception <a 'java/lang/NoSuchMethodError': Method sun.misc.Unsafe.defineClass(Ljava/lang/String;[BII)Ljava/lang/Class; name or signature does not match> (0x00000000d6187cb0) thrown at [C:\re\workspace\8-2-build-windows-amd64-cygwin\jdk8u211\12973\hotspot
Event: 0.034 Thread 0x0000000003377000 Exception <a 'java/lang/NoSuchMethodError': Method sun.misc.Unsafe.prefetchRead(Ljava/lang/Object;J)V name or signature does not match> (0x00000000d6187f98) thrown at [C:\re\workspace\8-2-build-windows-amd64-cygwin\jdk8u211\12973\hotspot\src\share\vm\prim
Event: 0.176 Thread 0x0000000003377000 Exception <a 'java/lang/OutOfMemoryError'> (0x00000000d63f1000) thrown at [C:\re\workspace\8-2-build-windows-amd64-cygwin\jdk8u211\12973\hotspot\src\share\vm\prims\jni.cpp, line 736]
Event: 0.176 Thread 0x0000000003377000 Exception <a 'java/lang/OutOfMemoryError'> (0x00000000d63f1000) thrown at [C:\re\workspace\8-2-build-windows-amd64-cygwin\jdk8u211\12973\hotspot\src\share\vm\prims\jvm.cpp, line 1506]
Event: 0.176 Thread 0x0000000003377000 Exception <a 'java/lang/OutOfMemoryError'> (0x00000000d63f1000) thrown at [C:\re\workspace\8-2-build-windows-amd64-cygwin\jdk8u211\12973\hotspot\src\share\vm\prims\jvm.cpp, line 1506]
Event: 0.176 Thread 0x0000000003377000 Exception <a 'java/lang/OutOfMemoryError'> (0x00000000d63f1000) thrown at [C:\re\workspace\8-2-build-windows-amd64-cygwin\jdk8u211\12973\hotspot\src\share\vm\prims\jvm.cpp, line 1506]

Events (10 events):
Event: 0.176 loading class java/security/PrivilegedActionException
Event: 0.176 loading class java/security/PrivilegedActionException done
Event: 0.177 loading class java/lang/Throwable$WrappedPrintStream
Event: 0.177 loading class java/lang/Throwable$PrintStreamOrWriter
Event: 0.177 loading class java/lang/Throwable$PrintStreamOrWriter done
Event: 0.177 loading class java/lang/Throwable$WrappedPrintStream done
Event: 0.177 loading class java/util/IdentityHashMap
Event: 0.177 loading class java/util/IdentityHashMap done
Event: 0.177 loading class java/util/IdentityHashMap$KeySet
Event: 0.177 loading class java/util/IdentityHashMap$KeySet done


Dynamic libraries:
0x00007ff718630000 - 0x00007ff718667000 	D:\Program Files\Java\jdk1.8.0_211\bin\java.exe
0x00007ff914480000 - 0x00007ff914670000 	C:\Windows\SYSTEM32\ntdll.dll
0x00007ff9127a0000 - 0x00007ff912852000 	C:\Windows\System32\KERNEL32.DLL
0x00007ff911810000 - 0x00007ff911ab3000 	C:\Windows\System32\KERNELBASE.dll
0x00007ff913c20000 - 0x00007ff913cc3000 	C:\Windows\System32\ADVAPI32.dll
0x00007ff912560000 - 0x00007ff9125fe000 	C:\Windows\System32\msvcrt.dll
0x00007ff913170000 - 0x00007ff913207000 	C:\Windows\System32\sechost.dll
0x00007ff912680000 - 0x00007ff9127a0000 	C:\Windows\System32\RPCRT4.dll
0x00007ff913300000 - 0x00007ff913494000 	C:\Windows\System32\USER32.dll
0x00007ff911ac0000 - 0x00007ff911ae1000 	C:\Windows\System32\win32u.dll
0x00007ff913b80000 - 0x00007ff913ba6000 	C:\Windows\System32\GDI32.dll
0x00007ff9115c0000 - 0x00007ff911754000 	C:\Windows\System32\gdi32full.dll
0x00007ff911cf0000 - 0x00007ff911d8e000 	C:\Windows\System32\msvcp_win.dll
0x00007ff911bf0000 - 0x00007ff911cea000 	C:\Windows\System32\ucrtbase.dll
0x00007ff8fc750000 - 0x00007ff8fc9d5000 	C:\Windows\WinSxS\amd64_microsoft.windows.common-controls_6595b64144ccf1df_6.0.18362.418_none_e6c6b287130d565d\COMCTL32.dll
0x00007ff913da0000 - 0x00007ff9140d6000 	C:\Windows\System32\combase.dll
0x00007ff911760000 - 0x00007ff9117e0000 	C:\Windows\System32\bcryptPrimitives.dll
0x00007ff912530000 - 0x00007ff91255e000 	C:\Windows\System32\IMM32.DLL
0x00000000506a0000 - 0x0000000050772000 	D:\Program Files\Java\jdk1.8.0_211\jre\bin\msvcr100.dll
0x00000000770a0000 - 0x0000000077945000 	D:\Program Files\Java\jdk1.8.0_211\jre\bin\server\jvm.dll
0x00007ff914250000 - 0x00007ff914258000 	C:\Windows\System32\PSAPI.DLL
0x00007ff90d850000 - 0x00007ff90d874000 	C:\Windows\SYSTEM32\WINMM.dll
0x00007ff90ae70000 - 0x00007ff90ae7a000 	C:\Windows\SYSTEM32\VERSION.dll
0x00007ff8fc130000 - 0x00007ff8fc139000 	C:\Windows\SYSTEM32\WSOCK32.dll
0x00007ff913290000 - 0x00007ff9132ff000 	C:\Windows\System32\WS2_32.dll
0x00007ff90d820000 - 0x00007ff90d84d000 	C:\Windows\SYSTEM32\WINMMBASE.dll
0x00007ff911af0000 - 0x00007ff911b3a000 	C:\Windows\System32\cfgmgr32.dll
0x00007ff8eacb0000 - 0x00007ff8eacbf000 	D:\Program Files\Java\jdk1.8.0_211\jre\bin\verify.dll
0x00007ff8e9330000 - 0x00007ff8e9359000 	D:\Program Files\Java\jdk1.8.0_211\jre\bin\java.dll
0x00007ff8f0100000 - 0x00007ff8f0123000 	D:\Program Files\Java\jdk1.8.0_211\jre\bin\instrument.dll
0x00007ff8eac90000 - 0x00007ff8eaca6000 	D:\Program Files\Java\jdk1.8.0_211\jre\bin\zip.dll
0x00007ff9128c0000 - 0x00007ff912fa5000 	C:\Windows\System32\SHELL32.dll
0x00007ff914260000 - 0x00007ff914309000 	C:\Windows\System32\shcore.dll
0x00007ff911db0000 - 0x00007ff91252f000 	C:\Windows\System32\windows.storage.dll
0x00007ff9113f0000 - 0x00007ff91140f000 	C:\Windows\System32\profapi.dll
0x00007ff9113a0000 - 0x00007ff9113ea000 	C:\Windows\System32\powrprof.dll
0x00007ff911350000 - 0x00007ff911360000 	C:\Windows\System32\UMPDC.dll
0x00007ff9143e0000 - 0x00007ff914432000 	C:\Windows\System32\shlwapi.dll
0x00007ff911360000 - 0x00007ff911371000 	C:\Windows\System32\kernel.appcore.dll
0x00007ff911d90000 - 0x00007ff911da7000 	C:\Windows\System32\cryptsp.dll
0x00007ff8efae0000 - 0x00007ff8efafa000 	D:\Program Files\JetBrains\IntelliJ IDEA 2019.1.3\bin\breakgen64.dll
0x00007ff8dd510000 - 0x00007ff8dd52a000 	D:\Program Files\Java\jdk1.8.0_211\jre\bin\net.dll
0x00007ff901fe0000 - 0x00007ff9021b6000 	C:\Windows\SYSTEM32\urlmon.dll
0x00007ff902590000 - 0x00007ff902836000 	C:\Windows\SYSTEM32\iertutil.dll
0x00007ff910d90000 - 0x00007ff910d9c000 	C:\Windows\SYSTEM32\CRYPTBASE.DLL
0x00007ff910bc0000 - 0x00007ff910c27000 	C:\Windows\system32\mswsock.dll

VM Arguments:
jvm_args: -ea -Didea.test.cyclic.buffer.size=1048576 -javaagent:D:\Program Files\JetBrains\IntelliJ IDEA 2019.1.3\lib\idea_rt.jar=11645:D:\Program Files\JetBrains\IntelliJ IDEA 2019.1.3\bin -Dfile.encoding=UTF-8 
java_command: com.intellij.rt.execution.junit.JUnitStarter -ideVersion5 -junit4 com.oilpeddler.wfengine.schedulecomponent.tools.jexlUtilTest
java_class_path (initial): D:\Program Files\JetBrains\IntelliJ IDEA 2019.1.3\lib\idea_rt.jar;D:\Program Files\JetBrains\IntelliJ IDEA 2019.1.3\plugins\junit\lib\junit-rt.jar;D:\Program Files\JetBrains\IntelliJ IDEA 2019.1.3\plugins\junit\lib\junit5-rt.jar;D:\Program Files\Java\jdk1.8.0_211\jre\lib\charsets.jar;D:\Program Files\Java\jdk1.8.0_211\jre\lib\deploy.jar;D:\Program Files\Java\jdk1.8.0_211\jre\lib\ext\access-bridge-64.jar;D:\Program Files\Java\jdk1.8.0_211\jre\lib\ext\cldrdata.jar;D:\Program Files\Java\jdk1.8.0_211\jre\lib\ext\dnsns.jar;D:\Program Files\Java\jdk1.8.0_211\jre\lib\ext\jaccess.jar;D:\Program Files\Java\jdk1.8.0_211\jre\lib\ext\jfxrt.jar;D:\Program Files\Java\jdk1.8.0_211\jre\lib\ext\localedata.jar;D:\Program Files\Java\jdk1.8.0_211\jre\lib\ext\nashorn.jar;D:\Program Files\Java\jdk1.8.0_211\jre\lib\ext\sunec.jar;D:\Program Files\Java\jdk1.8.0_211\jre\lib\ext\sunjce_provider.jar;D:\Program Files\Java\jdk1.8.0_211\jre\lib\ext\sunmscapi.jar;D:\Program Files\Java\jdk1.8.0_211\jre\lib\ext\sunpkcs11.jar;D:\Program Files\Java\jdk1.8.0_211\jre\lib\ext\zipfs.jar;D:\Program Files\Java\jdk1.8.0_211\jre\lib\javaws.jar;D:\Program Files\Java\jdk1.8.0_211\jre\lib\jce.jar;D:\Program Files\Java\jdk1.8.0_211\jre\lib\jfr.jar;D:\Program Files\Java\jdk1.8.0_211\jre\lib\jfxswt.jar;D:\Program Files\Java\jdk1.8.0_211\jre\lib\jsse.jar;D:\Program Files\Java\jdk1.8.0_211\jre\lib\management-agent.jar;D:\Program Files\Java\jdk1.8.0_211\jre\lib\plugin.jar;D:\Program Files\Java\jdk1.8.0_211\jre\lib\resources.jar;D:\Program Files\Java\jdk1.8.0_211\jre\lib\rt.jar;E:\XWFE\zwfengine\schedulecomponent\target\test-classes;E:\XWFE\zwfengine\schedulecomponent\target\classes;E:\mavenRepository\org\apache\curator\curator-framework\2.13.0\curator-framework-2.13.0.jar;E:\mavenRepository\org\apache\curator\curator-client\2.13.0\curator-client-2.13.0.jar;E:\mavenRepository\org\apache\zookeeper\zookeeper\3.4.8\zookeeper-3.4.8.jar;E:\mavenRepository\log4j\log4j\1.2.16\log4j-1.2.16.jar;E:\m
Launcher Type: SUN_STANDARD

Environment Variables:
JAVA_HOME=D:\Program Files\Java\jdk1.8.0_211
CLASSPATH=.;D:\Program Files\Java\jdk1.8.0_211\lib\dt.jar;D:\Program Files\Java\jdk1.8.0_211\lib\tools.jar
PATH=C:\Program Files (x86)\NetSarang\Xftp 6\;C:\Program Files (x86)\Common Files\Oracle\Java\javapath;C:\Program Files (x86)\NetSarang\Xshell 6\;C:\Windows\system32;C:\Windows;C:\Windows\System32\Wbem;C:\Windows\System32\WindowsPowerShell\v1.0\;C:\Windows\System32\OpenSSH\;D:\Program Files\Java\jdk1.8.0_211\bin;D:\Program Files\Java\jdk1.8.0_211\jre\bin;E:\apache-maven-3.6.1\bin;E:\zookeeper-3.4.12\bin;D:\VPN\bin;D:\Program Files\Git\cmd;E:\dev_softwares\mysql-5.6.45-winx64\bin;D:\Program Files\nodejs\;C:\Program Files\Intel\WiFi\bin\;C:\Program Files\Common Files\Intel\WirelessCommon\;C:\Users\wunsiang\AppData\Local\Microsoft\WindowsApps;;D:\Users\wunsiang\AppData\Local\Programs\Microsoft VS Code\bin;C:\Users\wunsiang\AppData\Roaming\npm
USERNAME=wunsiang
OS=Windows_NT
PROCESSOR_IDENTIFIER=Intel64 Family 6 Model 142 Stepping 10, GenuineIntel



---------------  S Y S T E M  ---------------

OS: Windows 10.0 , 64 bit Build 18362 (10.0.18362.329)

CPU:total 8 (initial active 8) (4 cores per cpu, 2 threads per core) family 6 model 142 stepping 10, cmov, cx8, fxsr, mmx, sse, sse2, sse3, ssse3, sse4.1, sse4.2, popcnt, avx, avx2, aes, clmul, erms, 3dnowpref, lzcnt, ht, tsc, tscinvbit, bmi1, bmi2, adx

Memory: 4k page, physical 8239156k(586496k free), swap 21295152k(5120k free)

vm_info: Java HotSpot(TM) 64-Bit Server VM (25.211-b12) for windows-amd64 JRE (1.8.0_211-b12), built on Apr  1 2019 20:53:26 by "java_re" with MS VC++ 10.0 (VS2010)

time: Sat Oct 12 14:35:13 2019
timezone: 中国标准时间
elapsed time: 0 seconds (0d 0h 0m 0s)

